<?xml version="1.0" encoding="UTF-8"?>
<!-- Generated by org.testng.reporters.JUnitReportReporter -->
<testsuite hostname="DESKTOP-VIK3TUQ" failures="0" tests="1" name="com.ResourcesTESTCASES.LoginTestCases" time="5.010" errors="0" timestamp="2024-01-13T10:52:14 IST" skipped="0">
  <testcase classname="com.ResourcesTESTCASES.LoginTestCases" name="verifyRegisteration" time="5.010"/>
  <system-out/>
</testsuite> <!-- com.ResourcesTESTCASES.LoginTestCases -->
