<?xml version="1.0" encoding="UTF-8"?>
<!-- Generated by org.testng.reporters.JUnitReportReporter -->
<testsuite hostname="DESKTOP-VIK3TUQ" failures="0" tests="2" name="com.ResourcesTESTCASES.RegisterAccountTestCases" time="5.823" errors="0" timestamp="2024-01-13T10:52:14 IST" skipped="0">
  <testcase classname="com.ResourcesTESTCASES.RegisterAccountTestCases" name="verifyRegisterationWithBlankData" time="3.679"/>
  <system-out/>
  <testcase classname="com.ResourcesTESTCASES.RegisterAccountTestCases" name="verifyRegisterationWithData" time="2.144"/>
  <system-out/>
</testsuite> <!-- com.ResourcesTESTCASES.RegisterAccountTestCases -->
